# JRE version: OpenJDK Runtime Environment (17.0.7) (build 17.0.7+0-b2043.56-10550314)
# Java VM: OpenJDK 64-Bit Server VM (17.0.7+0-b2043.56-10550314, mixed mode, tiered, compressed oops, compressed class ptrs, g1 gc, windows-amd64)
GC Precious Log:
 CPUs: 12 total, 12 available
 Memory: 15694M
 Large Page Support: Disabled
 NUMA Support: Disabled
 Compressed Oops: Enabled (32-bit)
 Heap Region Size: 1M
 Heap Min Capacity: 8M
 Heap Initial Capacity: 246M
 Heap Max Capacity: 2G
 Pre-touch: Disabled
 Parallel Workers: 10
 Concurrent Workers: 3
 Concurrent Refinement Workers: 10
 Periodic GC: Disabled
Heap:
 garbage-first heap   total 251904K, used 125575K [0x0000000080000000, 0x0000000100000000)
  region size 1024K, 4 young (4096K), 4 survivors (4096K)
 Metaspace       used 103600K, committed 104384K, reserved 1179648K
  class space    used 14408K, committed 14784K, reserved 1048576K
GC Heap History (20 events):
Event: 11.086 GC heap after
{Heap after GC invocations=35 (full 0):
 garbage-first heap   total 184320K, used 92777K [0x0000000080000000, 0x0000000100000000)
  region size 1024K, 8 young (8192K), 8 survivors (8192K)
 Metaspace       used 94602K, committed 95232K, reserved 1179648K
  class space    used 13097K, committed 13376K, reserved 1048576K
}
Event: 11.095 GC heap before
{Heap before GC invocations=35 (full 0):
 garbage-first heap   total 184320K, used 93801K [0x0000000080000000, 0x0000000100000000)
  region size 1024K, 9 young (9216K), 8 survivors (8192K)
 Metaspace       used 94624K, committed 95232K, reserved 1179648K
  class space    used 13100K, committed 13376K, reserved 1048576K
}
Event: 11.099 GC heap after
{Heap after GC invocations=36 (full 0):
 garbage-first heap   total 184320K, used 93197K [0x0000000080000000, 0x0000000100000000)
  region size 1024K, 2 young (2048K), 2 survivors (2048K)
 Metaspace       used 94624K, committed 95232K, reserved 1179648K
  class space    used 13100K, committed 13376K, reserved 1048576K
}
Event: 11.589 GC heap before
{Heap before GC invocations=36 (full 0):
 garbage-first heap   total 184320K, used 150541K [0x0000000080000000, 0x0000000100000000)
  region size 1024K, 58 young (59392K), 2 survivors (2048K)
 Metaspace       used 96060K, committed 96704K, reserved 1179648K
  class space    used 13294K, committed 13568K, reserved 1048576K
}
Event: 11.593 GC heap after
{Heap after GC invocations=37 (full 0):
 garbage-first heap   total 184320K, used 99312K [0x0000000080000000, 0x0000000100000000)
  region size 1024K, 8 young (8192K), 8 survivors (8192K)
 Metaspace       used 96060K, committed 96704K, reserved 1179648K
  class space    used 13294K, committed 13568K, reserved 1048576K
}
Event: 12.144 GC heap before
{Heap before GC invocations=38 (full 0):
 garbage-first heap   total 184320K, used 149488K [0x0000000080000000, 0x0000000100000000)
  region size 1024K, 57 young (58368K), 8 survivors (8192K)
 Metaspace       used 98139K, committed 98944K, reserved 1179648K
  class space    used 13733K, committed 14144K, reserved 1048576K
}
Event: 12.152 GC heap after
{Heap after GC invocations=39 (full 0):
 garbage-first heap   total 184320K, used 106395K [0x0000000080000000, 0x0000000100000000)
  region size 1024K, 8 young (8192K), 8 survivors (8192K)
 Metaspace       used 98139K, committed 98944K, reserved 1179648K
  class space    used 13733K, committed 14144K, reserved 1048576K
}
Event: 12.155 GC heap before
{Heap before GC invocations=39 (full 0):
 garbage-first heap   total 184320K, used 107419K [0x0000000080000000, 0x0000000100000000)
  region size 1024K, 9 young (9216K), 8 survivors (8192K)
 Metaspace       used 98139K, committed 98944K, reserved 1179648K
  class space    used 13733K, committed 14144K, reserved 1048576K
}
Event: 12.158 GC heap after
{Heap after GC invocations=40 (full 0):
 garbage-first heap   total 184320K, used 107120K [0x0000000080000000, 0x0000000100000000)
  region size 1024K, 2 young (2048K), 2 survivors (2048K)
 Metaspace       used 98139K, committed 98944K, reserved 1179648K
  class space    used 13733K, committed 14144K, reserved 1048576K
}
Event: 12.426 GC heap before
{Heap before GC invocations=40 (full 0):
 garbage-first heap   total 184320K, used 149104K [0x0000000080000000, 0x0000000100000000)
  region size 1024K, 44 young (45056K), 2 survivors (2048K)
 Metaspace       used 98385K, committed 99136K, reserved 1179648K
  class space    used 13755K, committed 14144K, reserved 1048576K
}
Event: 12.430 GC heap after
{Heap after GC invocations=41 (full 0):
 garbage-first heap   total 184320K, used 110340K [0x0000000080000000, 0x0000000100000000)
  region size 1024K, 5 young (5120K), 5 survivors (5120K)
 Metaspace       used 98385K, committed 99136K, reserved 1179648K
  class space    used 13755K, committed 14144K, reserved 1048576K
}
Event: 12.764 GC heap before
{Heap before GC invocations=41 (full 0):
 garbage-first heap   total 184320K, used 150276K [0x0000000080000000, 0x0000000100000000)
  region size 1024K, 45 young (46080K), 5 survivors (5120K)
 Metaspace       used 98838K, committed 99520K, reserved 1179648K
  class space    used 13786K, committed 14144K, reserved 1048576K
}
Event: 12.770 GC heap after
{Heap after GC invocations=42 (full 0):
 garbage-first heap   total 184320K, used 113734K [0x0000000080000000, 0x0000000100000000)
  region size 1024K, 5 young (5120K), 5 survivors (5120K)
 Metaspace       used 98838K, committed 99520K, reserved 1179648K
  class space    used 13786K, committed 14144K, reserved 1048576K
}
Event: 13.046 GC heap before
{Heap before GC invocations=42 (full 0):
 garbage-first heap   total 184320K, used 151622K [0x0000000080000000, 0x0000000100000000)
  region size 1024K, 42 young (43008K), 5 survivors (5120K)
 Metaspace       used 99186K, committed 99904K, reserved 1179648K
  class space    used 13820K, committed 14208K, reserved 1048576K
}
Event: 13.052 GC heap after
{Heap after GC invocations=43 (full 0):
 garbage-first heap   total 184320K, used 116714K [0x0000000080000000, 0x0000000100000000)
  region size 1024K, 5 young (5120K), 5 survivors (5120K)
 Metaspace       used 99186K, committed 99904K, reserved 1179648K
  class space    used 13820K, committed 14208K, reserved 1048576K
}
Event: 13.628 GC heap before
{Heap before GC invocations=43 (full 0):
 garbage-first heap   total 184320K, used 151530K [0x0000000080000000, 0x0000000100000000)
  region size 1024K, 40 young (40960K), 5 survivors (5120K)
 Metaspace       used 101678K, committed 102464K, reserved 1179648K
  class space    used 14139K, committed 14528K, reserved 1048576K
}
Event: 13.632 GC heap after
{Heap after GC invocations=44 (full 0):
 garbage-first heap   total 184320K, used 120012K [0x0000000080000000, 0x0000000100000000)
  region size 1024K, 4 young (4096K), 4 survivors (4096K)
 Metaspace       used 101678K, committed 102464K, reserved 1179648K
  class space    used 14139K, committed 14528K, reserved 1048576K
}
Event: 13.825 GC heap before
{Heap before GC invocations=44 (full 0):
 garbage-first heap   total 184320K, used 152780K [0x0000000080000000, 0x0000000100000000)
  region size 1024K, 37 young (37888K), 4 survivors (4096K)
 Metaspace       used 102586K, committed 103424K, reserved 1179648K
  class space    used 14257K, committed 14656K, reserved 1048576K
}
Event: 13.829 GC heap after
{Heap after GC invocations=45 (full 0):
 garbage-first heap   total 184320K, used 122962K [0x0000000080000000, 0x0000000100000000)
  region size 1024K, 3 young (3072K), 3 survivors (3072K)
 Metaspace       used 102586K, committed 103424K, reserved 1179648K
  class space    used 14257K, committed 14656K, reserved 1048576K
}
Event: 13.991 GC heap before
{Heap before GC invocations=45 (full 0):
 garbage-first heap   total 184320K, used 153682K [0x0000000080000000, 0x0000000100000000)
  region size 1024K, 34 young (34816K), 3 survivors (3072K)
 Metaspace       used 103600K, committed 104384K, reserved 1179648K
  class space    used 14408K, committed 14784K, reserved 1048576K
}

