# JRE version: OpenJDK Runtime Environment (17.0.7) (build 17.0.7+0-b2043.56-10550314)
# Java VM: OpenJDK 64-Bit Server VM (17.0.7+0-b2043.56-10550314, mixed mode, tiered, compressed oops, compressed class ptrs, g1 gc, windows-amd64)
GC Precious Log:
 CPUs: 12 total, 12 available
 Memory: 15694M
 Large Page Support: Disabled
 NUMA Support: Disabled
 Compressed Oops: Enabled (32-bit)
 Heap Region Size: 1M
 Heap Min Capacity: 8M
 Heap Initial Capacity: 246M
 Heap Max Capacity: 2G
 Pre-touch: Disabled
 Parallel Workers: 10
 Concurrent Workers: 3
 Concurrent Refinement Workers: 10
 Periodic GC: Disabled
Heap:
 garbage-first heap   total 288768K, used 155329K [0x0000000080000000, 0x0000000100000000)
  region size 1024K, 3 young (3072K), 3 survivors (3072K)
 Metaspace       used 131645K, committed 133248K, reserved 1179648K
  class space    used 18232K, committed 19008K, reserved 1048576K
GC Heap History (20 events):
Event: 740.855 GC heap after
{Heap after GC invocations=66 (full 0):
 garbage-first heap   total 286720K, used 149954K [0x0000000080000000, 0x0000000100000000)
  region size 1024K, 2 young (2048K), 2 survivors (2048K)
 Metaspace       used 128968K, committed 130048K, reserved 1179648K
  class space    used 17926K, committed 18432K, reserved 1048576K
}
Event: 742.024 GC heap before
{Heap before GC invocations=66 (full 0):
 garbage-first heap   total 286720K, used 186818K [0x0000000080000000, 0x0000000100000000)
  region size 1024K, 40 young (40960K), 2 survivors (2048K)
 Metaspace       used 129169K, committed 130240K, reserved 1179648K
  class space    used 17929K, committed 18432K, reserved 1048576K
}
Event: 742.027 GC heap after
{Heap after GC invocations=67 (full 0):
 garbage-first heap   total 286720K, used 150646K [0x0000000080000000, 0x0000000100000000)
  region size 1024K, 3 young (3072K), 3 survivors (3072K)
 Metaspace       used 129169K, committed 130240K, reserved 1179648K
  class space    used 17929K, committed 18432K, reserved 1048576K
}
Event: 830.934 GC heap before
{Heap before GC invocations=68 (full 0):
 garbage-first heap   total 286720K, used 248950K [0x0000000080000000, 0x0000000100000000)
  region size 1024K, 88 young (90112K), 3 survivors (3072K)
 Metaspace       used 129331K, committed 130432K, reserved 1179648K
  class space    used 17930K, committed 18432K, reserved 1048576K
}
Event: 830.945 GC heap after
{Heap after GC invocations=69 (full 0):
 garbage-first heap   total 286720K, used 157005K [0x0000000080000000, 0x0000000100000000)
  region size 1024K, 10 young (10240K), 10 survivors (10240K)
 Metaspace       used 129331K, committed 130432K, reserved 1179648K
  class space    used 17930K, committed 18432K, reserved 1048576K
}
Event: 830.978 GC heap before
{Heap before GC invocations=69 (full 0):
 garbage-first heap   total 286720K, used 161101K [0x0000000080000000, 0x0000000100000000)
  region size 1024K, 14 young (14336K), 10 survivors (10240K)
 Metaspace       used 129353K, committed 130432K, reserved 1179648K
  class space    used 17930K, committed 18432K, reserved 1048576K
}
Event: 830.988 GC heap after
{Heap after GC invocations=70 (full 0):
 garbage-first heap   total 286720K, used 151663K [0x0000000080000000, 0x0000000100000000)
  region size 1024K, 2 young (2048K), 2 survivors (2048K)
 Metaspace       used 129353K, committed 130432K, reserved 1179648K
  class space    used 17930K, committed 18432K, reserved 1048576K
}
Event: 832.242 GC heap before
{Heap before GC invocations=70 (full 0):
 garbage-first heap   total 286720K, used 179311K [0x0000000080000000, 0x0000000100000000)
  region size 1024K, 31 young (31744K), 2 survivors (2048K)
 Metaspace       used 129506K, committed 130560K, reserved 1179648K
  class space    used 17931K, committed 18432K, reserved 1048576K
}
Event: 832.247 GC heap after
{Heap after GC invocations=71 (full 0):
 garbage-first heap   total 286720K, used 152073K [0x0000000080000000, 0x0000000100000000)
  region size 1024K, 2 young (2048K), 2 survivors (2048K)
 Metaspace       used 129506K, committed 130560K, reserved 1179648K
  class space    used 17931K, committed 18432K, reserved 1048576K
}
Event: 908.388 GC heap before
{Heap before GC invocations=72 (full 0):
 garbage-first heap   total 286720K, used 249353K [0x0000000080000000, 0x0000000100000000)
  region size 1024K, 85 young (87040K), 2 survivors (2048K)
 Metaspace       used 130194K, committed 131520K, reserved 1179648K
  class space    used 18062K, committed 18688K, reserved 1048576K
}
Event: 908.395 GC heap after
{Heap after GC invocations=73 (full 0):
 garbage-first heap   total 286720K, used 159817K [0x0000000080000000, 0x0000000100000000)
  region size 1024K, 10 young (10240K), 10 survivors (10240K)
 Metaspace       used 130194K, committed 131520K, reserved 1179648K
  class space    used 18062K, committed 18688K, reserved 1048576K
}
Event: 908.448 GC heap before
{Heap before GC invocations=73 (full 0):
 garbage-first heap   total 286720K, used 162889K [0x0000000080000000, 0x0000000100000000)
  region size 1024K, 14 young (14336K), 10 survivors (10240K)
 Metaspace       used 130206K, committed 131584K, reserved 1179648K
  class space    used 18065K, committed 18688K, reserved 1048576K
}
Event: 908.454 GC heap after
{Heap after GC invocations=74 (full 0):
 garbage-first heap   total 286720K, used 152889K [0x0000000080000000, 0x0000000100000000)
  region size 1024K, 2 young (2048K), 2 survivors (2048K)
 Metaspace       used 130206K, committed 131584K, reserved 1179648K
  class space    used 18065K, committed 18688K, reserved 1048576K
}
Event: 909.617 GC heap before
{Heap before GC invocations=74 (full 0):
 garbage-first heap   total 286720K, used 183609K [0x0000000080000000, 0x0000000100000000)
  region size 1024K, 34 young (34816K), 2 survivors (2048K)
 Metaspace       used 130659K, committed 132160K, reserved 1179648K
  class space    used 18134K, committed 18816K, reserved 1048576K
}
Event: 909.620 GC heap after
{Heap after GC invocations=75 (full 0):
 garbage-first heap   total 286720K, used 153415K [0x0000000080000000, 0x0000000100000000)
  region size 1024K, 2 young (2048K), 2 survivors (2048K)
 Metaspace       used 130659K, committed 132160K, reserved 1179648K
  class space    used 18134K, committed 18816K, reserved 1048576K
}
Event: 1313.008 GC heap before
{Heap before GC invocations=76 (full 0):
 garbage-first heap   total 288768K, used 249671K [0x0000000080000000, 0x0000000100000000)
  region size 1024K, 84 young (86016K), 2 survivors (2048K)
 Metaspace       used 130861K, committed 132288K, reserved 1179648K
  class space    used 18137K, committed 18816K, reserved 1048576K
}
Event: 1313.015 GC heap after
{Heap after GC invocations=77 (full 0):
 garbage-first heap   total 288768K, used 160704K [0x0000000080000000, 0x0000000100000000)
  region size 1024K, 10 young (10240K), 10 survivors (10240K)
 Metaspace       used 130861K, committed 132288K, reserved 1179648K
  class space    used 18137K, committed 18816K, reserved 1048576K
}
Event: 1313.052 GC heap before
{Heap before GC invocations=77 (full 0):
 garbage-first heap   total 288768K, used 163776K [0x0000000080000000, 0x0000000100000000)
  region size 1024K, 14 young (14336K), 10 survivors (10240K)
 Metaspace       used 130867K, committed 132288K, reserved 1179648K
  class space    used 18137K, committed 18816K, reserved 1048576K
}
Event: 1313.060 GC heap after
{Heap after GC invocations=78 (full 0):
 garbage-first heap   total 288768K, used 154067K [0x0000000080000000, 0x0000000100000000)
  region size 1024K, 2 young (2048K), 2 survivors (2048K)
 Metaspace       used 130867K, committed 132288K, reserved 1179648K
  class space    used 18137K, committed 18816K, reserved 1048576K
}
Event: 1316.143 GC heap before
{Heap before GC invocations=78 (full 0):
 garbage-first heap   total 288768K, used 211411K [0x0000000080000000, 0x0000000100000000)
  region size 1024K, 60 young (61440K), 2 survivors (2048K)
 Metaspace       used 131645K, committed 133248K, reserved 1179648K
  class space    used 18232K, committed 19008K, reserved 1048576K
}

