# JRE version: OpenJDK Runtime Environment (17.0.7) (build 17.0.7+0-b2043.56-10550314)
# Java VM: OpenJDK 64-Bit Server VM (17.0.7+0-b2043.56-10550314, mixed mode, tiered, compressed oops, compressed class ptrs, g1 gc, windows-amd64)
GC Precious Log:
 CPUs: 12 total, 12 available
 Memory: 15694M
 Large Page Support: Disabled
 NUMA Support: Disabled
 Compressed Oops: Enabled (32-bit)
 Heap Region Size: 1M
 Heap Min Capacity: 8M
 Heap Initial Capacity: 246M
 Heap Max Capacity: 2G
 Pre-touch: Disabled
 Parallel Workers: 10
 Concurrent Workers: 3
 Concurrent Refinement Workers: 10
 Periodic GC: Disabled
Heap:
 garbage-first heap   total 305152K, used 236851K [0x0000000080000000, 0x0000000100000000)
  region size 1024K, 85 young (87040K), 15 survivors (15360K)
 Metaspace       used 133394K, committed 134400K, reserved 1179648K
  class space    used 19571K, committed 20096K, reserved 1048576K
GC Heap History (20 events):
Event: 12.930 GC heap before
{Heap before GC invocations=31 (full 0):
 garbage-first heap   total 253952K, used 200571K [0x0000000080000000, 0x0000000100000000)
  region size 1024K, 98 young (100352K), 10 survivors (10240K)
 Metaspace       used 99333K, committed 100032K, reserved 1179648K
  class space    used 13803K, committed 14144K, reserved 1048576K
}
Event: 12.938 GC heap after
{Heap after GC invocations=32 (full 0):
 garbage-first heap   total 253952K, used 117264K [0x0000000080000000, 0x0000000100000000)
  region size 1024K, 8 young (8192K), 8 survivors (8192K)
 Metaspace       used 99333K, committed 100032K, reserved 1179648K
  class space    used 13803K, committed 14144K, reserved 1048576K
}
Event: 13.168 GC heap before
{Heap before GC invocations=32 (full 0):
 garbage-first heap   total 253952K, used 163344K [0x0000000080000000, 0x0000000100000000)
  region size 1024K, 49 young (50176K), 8 survivors (8192K)
 Metaspace       used 100550K, committed 101184K, reserved 1179648K
  class space    used 13897K, committed 14208K, reserved 1048576K
}
Event: 13.174 GC heap after
{Heap after GC invocations=33 (full 0):
 garbage-first heap   total 253952K, used 119791K [0x0000000080000000, 0x0000000100000000)
  region size 1024K, 4 young (4096K), 4 survivors (4096K)
 Metaspace       used 100550K, committed 101184K, reserved 1179648K
  class space    used 13897K, committed 14208K, reserved 1048576K
}
Event: 13.949 GC heap before
{Heap before GC invocations=34 (full 0):
 garbage-first heap   total 253952K, used 206831K [0x0000000080000000, 0x0000000100000000)
  region size 1024K, 88 young (90112K), 4 survivors (4096K)
 Metaspace       used 107528K, committed 108288K, reserved 1179648K
  class space    used 15146K, committed 15552K, reserved 1048576K
}
Event: 13.958 GC heap after
{Heap after GC invocations=35 (full 0):
 garbage-first heap   total 253952K, used 131333K [0x0000000080000000, 0x0000000100000000)
  region size 1024K, 11 young (11264K), 11 survivors (11264K)
 Metaspace       used 107528K, committed 108288K, reserved 1179648K
  class space    used 15146K, committed 15552K, reserved 1048576K
}
Event: 13.976 GC heap before
{Heap before GC invocations=35 (full 0):
 garbage-first heap   total 253952K, used 132357K [0x0000000080000000, 0x0000000100000000)
  region size 1024K, 12 young (12288K), 11 survivors (11264K)
 Metaspace       used 107672K, committed 108416K, reserved 1179648K
  class space    used 15175K, committed 15552K, reserved 1048576K
}
Event: 13.984 GC heap after
{Heap after GC invocations=36 (full 0):
 garbage-first heap   total 253952K, used 131876K [0x0000000080000000, 0x0000000100000000)
  region size 1024K, 2 young (2048K), 2 survivors (2048K)
 Metaspace       used 107672K, committed 108416K, reserved 1179648K
  class space    used 15175K, committed 15552K, reserved 1048576K
}
Event: 14.575 GC heap before
{Heap before GC invocations=36 (full 0):
 garbage-first heap   total 253952K, used 201508K [0x0000000080000000, 0x0000000100000000)
  region size 1024K, 71 young (72704K), 2 survivors (2048K)
 Metaspace       used 115895K, committed 116672K, reserved 1179648K
  class space    used 16897K, committed 17280K, reserved 1048576K
}
Event: 14.581 GC heap after
{Heap after GC invocations=37 (full 0):
 garbage-first heap   total 253952K, used 134102K [0x0000000080000000, 0x0000000100000000)
  region size 1024K, 4 young (4096K), 4 survivors (4096K)
 Metaspace       used 115895K, committed 116672K, reserved 1179648K
  class space    used 16897K, committed 17280K, reserved 1048576K
}
Event: 14.963 GC heap before
{Heap before GC invocations=38 (full 0):
 garbage-first heap   total 253952K, used 204758K [0x0000000080000000, 0x0000000100000000)
  region size 1024K, 74 young (75776K), 4 survivors (4096K)
 Metaspace       used 119398K, committed 120192K, reserved 1179648K
  class space    used 17541K, committed 17920K, reserved 1048576K
}
Event: 14.969 GC heap after
{Heap after GC invocations=39 (full 0):
 garbage-first heap   total 305152K, used 136508K [0x0000000080000000, 0x0000000100000000)
  region size 1024K, 7 young (7168K), 7 survivors (7168K)
 Metaspace       used 119398K, committed 120192K, reserved 1179648K
  class space    used 17541K, committed 17920K, reserved 1048576K
}
Event: 14.990 GC heap before
{Heap before GC invocations=39 (full 0):
 garbage-first heap   total 305152K, used 143676K [0x0000000080000000, 0x0000000100000000)
  region size 1024K, 14 young (14336K), 7 survivors (7168K)
 Metaspace       used 119496K, committed 120320K, reserved 1179648K
  class space    used 17560K, committed 17984K, reserved 1048576K
}
Event: 14.995 GC heap after
{Heap after GC invocations=40 (full 0):
 garbage-first heap   total 305152K, used 135671K [0x0000000080000000, 0x0000000100000000)
  region size 1024K, 1 young (1024K), 1 survivors (1024K)
 Metaspace       used 119496K, committed 120320K, reserved 1179648K
  class space    used 17560K, committed 17984K, reserved 1048576K
}
Event: 15.542 GC heap before
{Heap before GC invocations=40 (full 0):
 garbage-first heap   total 305152K, used 250359K [0x0000000080000000, 0x0000000100000000)
  region size 1024K, 113 young (115712K), 1 survivors (1024K)
 Metaspace       used 122446K, committed 123328K, reserved 1179648K
  class space    used 18153K, committed 18560K, reserved 1048576K
}
Event: 15.545 GC heap after
{Heap after GC invocations=41 (full 0):
 garbage-first heap   total 305152K, used 136438K [0x0000000080000000, 0x0000000100000000)
  region size 1024K, 2 young (2048K), 2 survivors (2048K)
 Metaspace       used 122446K, committed 123328K, reserved 1179648K
  class space    used 18153K, committed 18560K, reserved 1048576K
}
Event: 285.120 GC heap before
{Heap before GC invocations=41 (full 0):
 garbage-first heap   total 305152K, used 266486K [0x0000000080000000, 0x0000000100000000)
  region size 1024K, 117 young (119808K), 2 survivors (2048K)
 Metaspace       used 127308K, committed 128256K, reserved 1179648K
  class space    used 18846K, committed 19328K, reserved 1048576K
}
Event: 285.128 GC heap after
{Heap after GC invocations=42 (full 0):
 garbage-first heap   total 305152K, used 143062K [0x0000000080000000, 0x0000000100000000)
  region size 1024K, 9 young (9216K), 9 survivors (9216K)
 Metaspace       used 127308K, committed 128256K, reserved 1179648K
  class space    used 18846K, committed 19328K, reserved 1048576K
}
Event: 287.708 GC heap before
{Heap before GC invocations=42 (full 0):
 garbage-first heap   total 305152K, used 252630K [0x0000000080000000, 0x0000000100000000)
  region size 1024K, 117 young (119808K), 9 survivors (9216K)
 Metaspace       used 132439K, committed 133440K, reserved 1179648K
  class space    used 19485K, committed 19968K, reserved 1048576K
}
Event: 287.719 GC heap after
{Heap after GC invocations=43 (full 0):
 garbage-first heap   total 305152K, used 153907K [0x0000000080000000, 0x0000000100000000)
  region size 1024K, 15 young (15360K), 15 survivors (15360K)
 Metaspace       used 132439K, committed 133440K, reserved 1179648K
  class space    used 19485K, committed 19968K, reserved 1048576K
}

