# JRE version: OpenJDK Runtime Environment (17.0.7) (build 17.0.7+0-b2043.56-10550314)
# Java VM: OpenJDK 64-Bit Server VM (17.0.7+0-b2043.56-10550314, mixed mode, tiered, compressed oops, compressed class ptrs, g1 gc, windows-amd64)
GC Precious Log:
 CPUs: 12 total, 12 available
 Memory: 15694M
 Large Page Support: Disabled
 NUMA Support: Disabled
 Compressed Oops: Enabled (32-bit)
 Heap Region Size: 1M
 Heap Min Capacity: 8M
 Heap Initial Capacity: 246M
 Heap Max Capacity: 2G
 Pre-touch: Disabled
 Parallel Workers: 10
 Concurrent Workers: 3
 Concurrent Refinement Workers: 10
 Periodic GC: Disabled
Heap:
 garbage-first heap   total 367616K, used 149495K [0x0000000080000000, 0x0000000100000000)
  region size 1024K, 8 young (8192K), 8 survivors (8192K)
 Metaspace       used 135830K, committed 137984K, reserved 1179648K
  class space    used 18730K, committed 19776K, reserved 1048576K
GC Heap History (20 events):
Event: 2105.123 GC heap after
{Heap after GC invocations=75 (full 0):
 garbage-first heap   total 367616K, used 152246K [0x0000000080000000, 0x0000000100000000)
  region size 1024K, 3 young (3072K), 3 survivors (3072K)
 Metaspace       used 132397K, committed 133952K, reserved 1179648K
  class space    used 18374K, committed 19136K, reserved 1048576K
}
Event: 2108.056 GC heap before
{Heap before GC invocations=75 (full 0):
 garbage-first heap   total 367616K, used 252598K [0x0000000080000000, 0x0000000100000000)
  region size 1024K, 103 young (105472K), 3 survivors (3072K)
 Metaspace       used 132653K, committed 134272K, reserved 1179648K
  class space    used 18375K, committed 19136K, reserved 1048576K
}
Event: 2108.063 GC heap after
{Heap after GC invocations=76 (full 0):
 garbage-first heap   total 367616K, used 159563K [0x0000000080000000, 0x0000000100000000)
  region size 1024K, 11 young (11264K), 11 survivors (11264K)
 Metaspace       used 132653K, committed 134272K, reserved 1179648K
  class space    used 18375K, committed 19136K, reserved 1048576K
}
Event: 2304.964 GC heap before
{Heap before GC invocations=77 (full 0):
 garbage-first heap   total 367616K, used 338763K [0x0000000080000000, 0x0000000100000000)
  region size 1024K, 157 young (160768K), 11 survivors (11264K)
 Metaspace       used 132819K, committed 134464K, reserved 1179648K
  class space    used 18339K, committed 19136K, reserved 1048576K
}
Event: 2304.970 GC heap after
{Heap after GC invocations=78 (full 0):
 garbage-first heap   total 367616K, used 160225K [0x0000000080000000, 0x0000000100000000)
  region size 1024K, 11 young (11264K), 11 survivors (11264K)
 Metaspace       used 132819K, committed 134464K, reserved 1179648K
  class space    used 18339K, committed 19136K, reserved 1048576K
}
Event: 2305.001 GC heap before
{Heap before GC invocations=78 (full 0):
 garbage-first heap   total 367616K, used 166369K [0x0000000080000000, 0x0000000100000000)
  region size 1024K, 17 young (17408K), 11 survivors (11264K)
 Metaspace       used 132819K, committed 134464K, reserved 1179648K
  class space    used 18339K, committed 19136K, reserved 1048576K
}
Event: 2305.012 GC heap after
{Heap after GC invocations=79 (full 0):
 garbage-first heap   total 367616K, used 151454K [0x0000000080000000, 0x0000000100000000)
  region size 1024K, 3 young (3072K), 3 survivors (3072K)
 Metaspace       used 132819K, committed 134464K, reserved 1179648K
  class space    used 18339K, committed 19136K, reserved 1048576K
}
Event: 2306.663 GC heap before
{Heap before GC invocations=79 (full 0):
 garbage-first heap   total 367616K, used 243614K [0x0000000080000000, 0x0000000100000000)
  region size 1024K, 95 young (97280K), 3 survivors (3072K)
 Metaspace       used 133007K, committed 134592K, reserved 1179648K
  class space    used 18340K, committed 19136K, reserved 1048576K
}
Event: 2306.669 GC heap after
{Heap after GC invocations=80 (full 0):
 garbage-first heap   total 367616K, used 157986K [0x0000000080000000, 0x0000000100000000)
  region size 1024K, 9 young (9216K), 9 survivors (9216K)
 Metaspace       used 133007K, committed 134592K, reserved 1179648K
  class space    used 18340K, committed 19136K, reserved 1048576K
}
Event: 3606.645 GC heap before
{Heap before GC invocations=81 (full 0):
 garbage-first heap   total 367616K, used 335820K [0x0000000080000000, 0x0000000100000000)
  region size 1024K, 156 young (159744K), 9 survivors (9216K)
 Metaspace       used 133745K, committed 135488K, reserved 1179648K
  class space    used 18441K, committed 19264K, reserved 1048576K
}
Event: 3606.650 GC heap after
{Heap after GC invocations=82 (full 0):
 garbage-first heap   total 367616K, used 154912K [0x0000000080000000, 0x0000000100000000)
  region size 1024K, 9 young (9216K), 9 survivors (9216K)
 Metaspace       used 133745K, committed 135488K, reserved 1179648K
  class space    used 18441K, committed 19264K, reserved 1048576K
}
Event: 3606.691 GC heap before
{Heap before GC invocations=82 (full 0):
 garbage-first heap   total 367616K, used 163104K [0x0000000080000000, 0x0000000100000000)
  region size 1024K, 17 young (17408K), 9 survivors (9216K)
 Metaspace       used 134024K, committed 135872K, reserved 1179648K
  class space    used 18509K, committed 19392K, reserved 1048576K
}
Event: 3606.703 GC heap after
{Heap after GC invocations=83 (full 0):
 garbage-first heap   total 367616K, used 142375K [0x0000000080000000, 0x0000000100000000)
  region size 1024K, 3 young (3072K), 3 survivors (3072K)
 Metaspace       used 134024K, committed 135872K, reserved 1179648K
  class space    used 18509K, committed 19392K, reserved 1048576K
}
Event: 3609.553 GC heap before
{Heap before GC invocations=83 (full 0):
 garbage-first heap   total 367616K, used 264231K [0x0000000080000000, 0x0000000100000000)
  region size 1024K, 124 young (126976K), 3 survivors (3072K)
 Metaspace       used 135307K, committed 137408K, reserved 1179648K
  class space    used 18713K, committed 19776K, reserved 1048576K
}
Event: 3609.560 GC heap after
{Heap after GC invocations=84 (full 0):
 garbage-first heap   total 367616K, used 151371K [0x0000000080000000, 0x0000000100000000)
  region size 1024K, 11 young (11264K), 11 survivors (11264K)
 Metaspace       used 135307K, committed 137408K, reserved 1179648K
  class space    used 18713K, committed 19776K, reserved 1048576K
}
Event: 3954.469 GC heap before
{Heap before GC invocations=85 (full 0):
 garbage-first heap   total 367616K, used 337739K [0x0000000080000000, 0x0000000100000000)
  region size 1024K, 164 young (167936K), 11 survivors (11264K)
 Metaspace       used 135522K, committed 137664K, reserved 1179648K
  class space    used 18714K, committed 19776K, reserved 1048576K
}
Event: 3954.472 GC heap after
{Heap after GC invocations=86 (full 0):
 garbage-first heap   total 367616K, used 145274K [0x0000000080000000, 0x0000000100000000)
  region size 1024K, 5 young (5120K), 5 survivors (5120K)
 Metaspace       used 135522K, committed 137664K, reserved 1179648K
  class space    used 18714K, committed 19776K, reserved 1048576K
}
Event: 3954.514 GC heap before
{Heap before GC invocations=86 (full 0):
 garbage-first heap   total 367616K, used 156538K [0x0000000080000000, 0x0000000100000000)
  region size 1024K, 17 young (17408K), 5 survivors (5120K)
 Metaspace       used 135528K, committed 137664K, reserved 1179648K
  class space    used 18714K, committed 19776K, reserved 1048576K
}
Event: 3954.521 GC heap after
{Heap after GC invocations=87 (full 0):
 garbage-first heap   total 367616K, used 142827K [0x0000000080000000, 0x0000000100000000)
  region size 1024K, 2 young (2048K), 2 survivors (2048K)
 Metaspace       used 135528K, committed 137664K, reserved 1179648K
  class space    used 18714K, committed 19776K, reserved 1048576K
}
Event: 3957.104 GC heap before
{Heap before GC invocations=87 (full 0):
 garbage-first heap   total 367616K, used 231915K [0x0000000080000000, 0x0000000100000000)
  region size 1024K, 91 young (93184K), 2 survivors (2048K)
 Metaspace       used 135830K, committed 137984K, reserved 1179648K
  class space    used 18730K, committed 19776K, reserved 1048576K
}

