# JRE version: OpenJDK Runtime Environment (17.0.7) (build 17.0.7+0-b2043.56-10550314)
# Java VM: OpenJDK 64-Bit Server VM (17.0.7+0-b2043.56-10550314, mixed mode, tiered, compressed oops, compressed class ptrs, g1 gc, windows-amd64)
GC Precious Log:
 CPUs: 12 total, 12 available
 Memory: 15694M
 Large Page Support: Disabled
 NUMA Support: Disabled
 Compressed Oops: Enabled (32-bit)
 Heap Region Size: 1M
 Heap Min Capacity: 8M
 Heap Initial Capacity: 246M
 Heap Max Capacity: 2G
 Pre-touch: Disabled
 Parallel Workers: 10
 Concurrent Workers: 3
 Concurrent Refinement Workers: 10
 Periodic GC: Disabled
Heap:
 garbage-first heap   total 280576K, used 149662K [0x0000000080000000, 0x0000000100000000)
  region size 1024K, 4 young (4096K), 4 survivors (4096K)
 Metaspace       used 129076K, committed 130112K, reserved 1179648K
  class space    used 17784K, committed 18304K, reserved 1048576K
GC Heap History (20 events):
Event: 221.611 GC heap after
{Heap after GC invocations=58 (full 0):
 garbage-first heap   total 252928K, used 140407K [0x0000000080000000, 0x0000000100000000)
  region size 1024K, 2 young (2048K), 2 survivors (2048K)
 Metaspace       used 125100K, committed 126016K, reserved 1179648K
  class space    used 17500K, committed 17984K, reserved 1048576K
}
Event: 223.835 GC heap before
{Heap before GC invocations=58 (full 0):
 garbage-first heap   total 252928K, used 209015K [0x0000000080000000, 0x0000000100000000)
  region size 1024K, 70 young (71680K), 2 survivors (2048K)
 Metaspace       used 126748K, committed 127680K, reserved 1179648K
  class space    used 17659K, committed 18112K, reserved 1048576K
}
Event: 223.840 GC heap after
{Heap after GC invocations=59 (full 0):
 garbage-first heap   total 252928K, used 144969K [0x0000000080000000, 0x0000000100000000)
  region size 1024K, 6 young (6144K), 6 survivors (6144K)
 Metaspace       used 126748K, committed 127680K, reserved 1179648K
  class space    used 17659K, committed 18112K, reserved 1048576K
}
Event: 439.082 GC heap before
{Heap before GC invocations=60 (full 0):
 garbage-first heap   total 254976K, used 223817K [0x0000000080000000, 0x0000000100000000)
  region size 1024K, 71 young (72704K), 6 survivors (6144K)
 Metaspace       used 127151K, committed 128128K, reserved 1179648K
  class space    used 17684K, committed 18176K, reserved 1048576K
}
Event: 439.090 GC heap after
{Heap after GC invocations=61 (full 0):
 garbage-first heap   total 254976K, used 149582K [0x0000000080000000, 0x0000000100000000)
  region size 1024K, 6 young (6144K), 6 survivors (6144K)
 Metaspace       used 127151K, committed 128128K, reserved 1179648K
  class space    used 17684K, committed 18176K, reserved 1048576K
}
Event: 439.163 GC heap before
{Heap before GC invocations=61 (full 0):
 garbage-first heap   total 254976K, used 154702K [0x0000000080000000, 0x0000000100000000)
  region size 1024K, 12 young (12288K), 6 survivors (6144K)
 Metaspace       used 127213K, committed 128192K, reserved 1179648K
  class space    used 17687K, committed 18176K, reserved 1048576K
}
Event: 439.167 GC heap after
{Heap after GC invocations=62 (full 0):
 garbage-first heap   total 254976K, used 143174K [0x0000000080000000, 0x0000000100000000)
  region size 1024K, 2 young (2048K), 2 survivors (2048K)
 Metaspace       used 127213K, committed 128192K, reserved 1179648K
  class space    used 17687K, committed 18176K, reserved 1048576K
}
Event: 440.615 GC heap before
{Heap before GC invocations=62 (full 0):
 garbage-first heap   total 254976K, used 209734K [0x0000000080000000, 0x0000000100000000)
  region size 1024K, 68 young (69632K), 2 survivors (2048K)
 Metaspace       used 127747K, committed 128768K, reserved 1179648K
  class space    used 17743K, committed 18240K, reserved 1048576K
}
Event: 440.619 GC heap after
{Heap after GC invocations=63 (full 0):
 garbage-first heap   total 254976K, used 146775K [0x0000000080000000, 0x0000000100000000)
  region size 1024K, 6 young (6144K), 6 survivors (6144K)
 Metaspace       used 127747K, committed 128768K, reserved 1179648K
  class space    used 17743K, committed 18240K, reserved 1048576K
}
Event: 550.937 GC heap before
{Heap before GC invocations=64 (full 0):
 garbage-first heap   total 278528K, used 221527K [0x0000000080000000, 0x0000000100000000)
  region size 1024K, 67 young (68608K), 6 survivors (6144K)
 Metaspace       used 127937K, committed 128960K, reserved 1179648K
  class space    used 17742K, committed 18240K, reserved 1048576K
}
Event: 550.942 GC heap after
{Heap after GC invocations=65 (full 0):
 garbage-first heap   total 278528K, used 151860K [0x0000000080000000, 0x0000000100000000)
  region size 1024K, 9 young (9216K), 9 survivors (9216K)
 Metaspace       used 127937K, committed 128960K, reserved 1179648K
  class space    used 17742K, committed 18240K, reserved 1048576K
}
Event: 551.016 GC heap before
{Heap before GC invocations=65 (full 0):
 garbage-first heap   total 278528K, used 155956K [0x0000000080000000, 0x0000000100000000)
  region size 1024K, 13 young (13312K), 9 survivors (9216K)
 Metaspace       used 127954K, committed 129024K, reserved 1179648K
  class space    used 17742K, committed 18240K, reserved 1048576K
}
Event: 551.023 GC heap after
{Heap after GC invocations=66 (full 0):
 garbage-first heap   total 278528K, used 145290K [0x0000000080000000, 0x0000000100000000)
  region size 1024K, 2 young (2048K), 2 survivors (2048K)
 Metaspace       used 127954K, committed 129024K, reserved 1179648K
  class space    used 17742K, committed 18240K, reserved 1048576K
}
Event: 553.143 GC heap before
{Heap before GC invocations=66 (full 0):
 garbage-first heap   total 278528K, used 223114K [0x0000000080000000, 0x0000000100000000)
  region size 1024K, 80 young (81920K), 2 survivors (2048K)
 Metaspace       used 128347K, committed 129408K, reserved 1179648K
  class space    used 17747K, committed 18240K, reserved 1048576K
}
Event: 553.146 GC heap after
{Heap after GC invocations=67 (full 0):
 garbage-first heap   total 278528K, used 148066K [0x0000000080000000, 0x0000000100000000)
  region size 1024K, 5 young (5120K), 5 survivors (5120K)
 Metaspace       used 128347K, committed 129408K, reserved 1179648K
  class space    used 17747K, committed 18240K, reserved 1048576K
}
Event: 1239.682 GC heap before
{Heap before GC invocations=68 (full 0):
 garbage-first heap   total 280576K, used 242274K [0x0000000080000000, 0x0000000100000000)
  region size 1024K, 85 young (87040K), 5 survivors (5120K)
 Metaspace       used 128687K, committed 129792K, reserved 1179648K
  class space    used 17759K, committed 18304K, reserved 1048576K
}
Event: 1239.688 GC heap after
{Heap after GC invocations=69 (full 0):
 garbage-first heap   total 280576K, used 153444K [0x0000000080000000, 0x0000000100000000)
  region size 1024K, 11 young (11264K), 11 survivors (11264K)
 Metaspace       used 128687K, committed 129792K, reserved 1179648K
  class space    used 17759K, committed 18304K, reserved 1048576K
}
Event: 1239.702 GC heap before
{Heap before GC invocations=69 (full 0):
 garbage-first heap   total 280576K, used 154468K [0x0000000080000000, 0x0000000100000000)
  region size 1024K, 13 young (13312K), 11 survivors (11264K)
 Metaspace       used 128687K, committed 129792K, reserved 1179648K
  class space    used 17759K, committed 18304K, reserved 1048576K
}
Event: 1239.709 GC heap after
{Heap after GC invocations=70 (full 0):
 garbage-first heap   total 280576K, used 147661K [0x0000000080000000, 0x0000000100000000)
  region size 1024K, 2 young (2048K), 2 survivors (2048K)
 Metaspace       used 128687K, committed 129792K, reserved 1179648K
  class space    used 17759K, committed 18304K, reserved 1048576K
}
Event: 1241.644 GC heap before
{Heap before GC invocations=70 (full 0):
 garbage-first heap   total 280576K, used 230605K [0x0000000080000000, 0x0000000100000000)
  region size 1024K, 84 young (86016K), 2 survivors (2048K)
 Metaspace       used 129076K, committed 130112K, reserved 1179648K
  class space    used 17784K, committed 18304K, reserved 1048576K
}

